<?xml version="1.0" encoding="UTF-8"?>
<testng-results skipped="0" failed="0" ignored="0" total="2" passed="2">
  <reporter-output>
  </reporter-output>
  <suite name="Default suite" duration-ms="2514" started-at="2019-06-08T10:34:51Z" finished-at="2019-06-08T10:34:54Z">
    <groups>
    </groups>
    <test name="Default test" duration-ms="2514" started-at="2019-06-08T10:34:51Z" finished-at="2019-06-08T10:34:54Z">
      <class name="com.qa.test.CreateUserTest">
        <test-method status="PASS" signature="createUserViaAPI()[pri:0, instance:com.qa.test.CreateUserTest@c038203]" name="createUserViaAPI" duration-ms="1628" started-at="2019-06-08T16:04:51Z" finished-at="2019-06-08T16:04:53Z">
          <reporter-output>
          </reporter-output>
        </test-method> <!-- createUserViaAPI -->
        <test-method status="PASS" signature="createUserViaApi()[pri:0, instance:com.qa.test.CreateUserTest@c038203]" name="createUserViaApi" duration-ms="860" started-at="2019-06-08T16:04:53Z" finished-at="2019-06-08T16:04:54Z">
          <reporter-output>
          </reporter-output>
        </test-method> <!-- createUserViaApi -->
      </class> <!-- com.qa.test.CreateUserTest -->
    </test> <!-- Default test -->
  </suite> <!-- Default suite -->
</testng-results>
